<?xml version="1.0" encoding="utf-8"?>
<TestRun id="08f81a17-c910-46d1-8129-5612c1294020" name="asiffkam@CRLHV-PRET48 2022-10-05 22:27:48" runUser="CONTOURSOFTWARE\asiffkam" xmlns="http://microsoft.com/schemas/VisualStudio/TeamTest/2010">
  <Times creation="2022-10-05T22:27:48.2528341+05:00" queuing="2022-10-05T22:27:48.2528341+05:00" start="2022-10-05T22:27:44.1171952+05:00" finish="2022-10-05T22:27:48.2578341+05:00" />
  <TestSettings name="default" id="9cd017c9-aa25-453d-a68c-a19a54ff0355">
    <Deployment runDeploymentRoot="asiffkam_CRLHV-PRET48_2022-10-05_22_27_48" />
  </TestSettings>
  <TestLists>
    <TestList name="Results Not in a List" id="8c84fa94-04c1-424b-9868-57a2d4851a1d" />
    <TestList name="All Loaded Results" id="19431567-8539-422a-85d7-44ee4e166bda" />
  </TestLists>
  <ResultSummary outcome="Completed">
    <Counters total="0" executed="0" passed="0" failed="0" error="0" timeout="0" aborted="0" inconclusive="0" passedButRunAborted="0" notRunnable="0" notExecuted="0" disconnected="0" warning="0" completed="0" inProgress="0" pending="0" />
    <RunInfos>
      <RunInfo computerName="CRLHV-PRET48" outcome="Warning" timestamp="2022-10-05T22:27:47.9218395+05:00">
        <Text>[MSTest][Discovery][C:\Users\asiffkam\source\repos\seleniumQuiz\seleniumQuiz\bin\Debug\seleniumQuiz.dll] MSTestAdapter failed to discover tests in class 'seleniumQuiz.UnitTest1' of assembly 'C:\Users\asiffkam\source\repos\seleniumQuiz\seleniumQuiz\bin\Debug\seleniumQuiz.dll' because UTA013: seleniumQuiz.signUp.singUpTest: Cannot define more than one method with the AssemblyInitialize attribute inside an assembly..</Text>
      </RunInfo>
      <RunInfo computerName="CRLHV-PRET48" outcome="Warning" timestamp="2022-10-05T22:27:47.9288365+05:00">
        <Text>[MSTest][Discovery][C:\Users\asiffkam\source\repos\seleniumQuiz\seleniumQuiz\bin\Debug\seleniumQuiz.dll] MSTestAdapter failed to discover tests in class 'seleniumQuiz.signUp.singUpTest' of assembly 'C:\Users\asiffkam\source\repos\seleniumQuiz\seleniumQuiz\bin\Debug\seleniumQuiz.dll' because UTA013: seleniumQuiz.signUp.singUpTest: Cannot define more than one method with the AssemblyInitialize attribute inside an assembly..</Text>
      </RunInfo>
      <RunInfo computerName="CRLHV-PRET48" outcome="Warning" timestamp="2022-10-05T22:27:47.9298473+05:00">
        <Text>[MSTest][Discovery][C:\Users\asiffkam\source\repos\seleniumQuiz\seleniumQuiz\bin\Debug\seleniumQuiz.dll] MSTestAdapter failed to discover tests in class 'seleniumQuiz.login.logInTest' of assembly 'C:\Users\asiffkam\source\repos\seleniumQuiz\seleniumQuiz\bin\Debug\seleniumQuiz.dll' because UTA013: seleniumQuiz.signUp.singUpTest: Cannot define more than one method with the AssemblyInitialize attribute inside an assembly..</Text>
      </RunInfo>
      <RunInfo computerName="CRLHV-PRET48" outcome="Warning" timestamp="2022-10-05T22:27:47.9478787+05:00">
        <Text>No test is available in C:\Users\asiffkam\source\repos\seleniumQuiz\seleniumQuiz\bin\Debug\seleniumQuiz.dll. Make sure that test discoverer &amp; executors are registered and platform &amp; framework version settings are appropriate and try again.</Text>
      </RunInfo>
    </RunInfos>
  </ResultSummary>
</TestRun>